<?xml version="1.0" encoding="UTF-8"?>
<testng-results skipped="0" failed="0" ignored="0" total="1" passed="1">
  <reporter-output>
  </reporter-output>
  <suite name="Default suite" duration-ms="15894" started-at="2020-02-12T11:08:24Z" finished-at="2020-02-12T11:08:40Z">
    <groups>
    </groups>
    <test name="Default test" duration-ms="15894" started-at="2020-02-12T11:08:24Z" finished-at="2020-02-12T11:08:40Z">
      <class name="Del">
        <test-method status="PASS" signature="login()[pri:0, instance:Del@4678c730]" name="login" duration-ms="15874" started-at="2020-02-12T16:38:24Z" finished-at="2020-02-12T16:38:40Z">
          <reporter-output>
          </reporter-output>
        </test-method> <!-- login -->
      </class> <!-- Del -->
    </test> <!-- Default test -->
  </suite> <!-- Default suite -->
</testng-results>
